@ChanServ
@Zerot
[Mrt]
[thoughtful]
aarobber
adamhill
AlexZan
alrt
amatecha
amino
Aresilla
Arkhaix
artisticMink
artmann_
arzi
Ascendion
Atomim_
beert
BoomBox
castlelore
CharlieM751
ChrisReilly
Coburn
daekano
DarkLotus
Daveoh
davidnunez
DEADB33F
Deus201
Diablodoct0r
Donitzo
Dragonene_
duke
dvoid
eLenoAr
erotico
Felor
filadome
fkassad
flurick_
Frement
Frooxius
FurtherForm
Gehnster
General1337
Guest15094
heiths
hmans
iKriz
imageall
itsjar
jimjastajay
jimmyff
jojomondag
jruntime
Katori
kayoone
Kepab
kristiandelay
Kryigerofe
kuranai_
kyndel
l1ght
larku
lct
Licher
linuxnofear
luizsan
mahtikebab
Mapianka
mathlete
Mendenbarr
miner2342
MonkeyJamboree
MooNiZZ
msleeper
n8chur
n8chur_
ndnet
niwamaxou
njection
Norrin
ougla
parhelia
phosaway
pickscrape
pootpoot
popey
protojazz
Purianite
QLlNT
Ramen
rhadoodc
RoyAwesome
rube
SargoDarya
ScottD
shadda_
Shishire
sireel
Snufsen
sosby
sunjon
tdguy
Tenebrous
Texel-
tky
TZer0
undream
vertigoo
viic_
waiora
whirlibulf
Xcyish
Xeethrax
zte_
